Flow report for jtd
Mon May 02 18:58:09 2016
Quartus II Version 7.1 Build 156 04/30/2007 SJ Web Edition


---------------------
; Table of Contents ;
---------------------
  1. Legal Notice
  2. Flow Summary
  3. Flow Settings
  4. Flow Non-Default Global Settings
  5. Flow Elapsed Time
  6. Flow Log



----------------
; Legal Notice ;
----------------
Copyright (C) 1991-2007 Altera Corporation
Your use of Altera Corporation's design tools, logic functions 
and other software and tools, and its AMPP partner logic 
functions, and any output files from any of the foregoing 
(including device programming or simulation files), and any 
associated documentation or information are expressly subject 
to the terms and conditions of the Altera Program License 
Subscription Agreement, Altera MegaCore Function License 
Agreement, or other applicable license agreement, including, 
without limitation, that your use is for the sole purpose of 
programming logic devices manufactured by Altera and sold by 
Altera or its authorized distributors.  Please refer to the 
applicable agreement for further details.



+-------------------------------------------------------------------+
; Flow Summary                                                      ;
+-------------------------+-----------------------------------------+
; Flow Status             ; Successful - Mon May 02 18:58:09 2016   ;
; Quartus II Version      ; 7.1 Build 156 04/30/2007 SJ Web Edition ;
; Revision Name           ; jtd                                     ;
; Top-level Entity Name   ; jtd                                     ;
; Family                  ; Cyclone                                 ;
; Device                  ; EP1C6Q240C8                             ;
; Timing Models           ; Final                                   ;
; Met timing requirements ; Yes                                     ;
; Total logic elements    ; 260 / 5,980 ( 4 % )                     ;
; Total pins              ; 41 / 185 ( 22 % )                       ;
; Total virtual pins      ; 0                                       ;
; Total memory bits       ; 0 / 92,160 ( 0 % )                      ;
; Total PLLs              ; 0 / 2 ( 0 % )                           ;
+-------------------------+-----------------------------------------+


+-----------------------------------------+
; Flow Settings                           ;
+-------------------+---------------------+
; Option            ; Setting             ;
+-------------------+---------------------+
; Start date & time ; 05/02/2016 18:57:46 ;
; Main task         ; Compilation         ;
; Revision Name     ; jtd                 ;
+-------------------+---------------------+


+----------------------------------------------------------------------------+
; Flow Non-Default Global Settings                                           ;
+------------------------+--------+---------------+-------------+------------+
; Assignment Name        ; Value  ; Default Value ; Entity Name ; Section Id ;
+------------------------+--------+---------------+-------------+------------+
; PARTITION_NETLIST_TYPE ; SOURCE ; --            ; --          ; Top        ;
+------------------------+--------+---------------+-------------+------------+


+----------------------------------------+
; Flow Elapsed Time                      ;
+-------------------------+--------------+
; Module Name             ; Elapsed Time ;
+-------------------------+--------------+
; Analysis & Synthesis    ; 00:00:04     ;
; Fitter                  ; 00:00:06     ;
; Assembler               ; 00:00:07     ;
; Classic Timing Analyzer ; 00:00:01     ;
; Total                   ; 00:00:18     ;
+-------------------------+--------------+


------------
; Flow Log ;
------------
quartus_map --read_settings_files=on --write_settings_files=off jtd -c jtd
quartus_fit --read_settings_files=off --write_settings_files=off jtd -c jtd
quartus_asm --read_settings_files=off --write_settings_files=off jtd -c jtd
quartus_tan --read_settings_files=off --write_settings_files=off jtd -c jtd --timing_analysis_only



