Analysis & Synthesis report for jtd
Mon May 02 18:57:51 2016
Quartus II Version 7.1 Build 156 04/30/2007 SJ Web Edition


---------------------
; Table of Contents ;
---------------------
  1. Legal Notice
  2. Analysis & Synthesis Summary
  3. Analysis & Synthesis Settings
  4. Analysis & Synthesis Source Files Read
  5. Analysis & Synthesis Resource Usage Summary
  6. Analysis & Synthesis Resource Utilization by Entity
  7. State Machine - |jtd|traffic_lights:inst2|state
  8. Registers Removed During Synthesis
  9. General Register Statistics
 10. Inverted Register Statistics
 11. Multiplexer Restructuring Statistics (Restructuring Performed)
 12. Parameter Settings for User Entity Instance: traffic_lights:inst2
 13. Parameter Settings for User Entity Instance: fdivision:inst1
 14. Analysis & Synthesis Messages



----------------
; Legal Notice ;
----------------
Copyright (C) 1991-2007 Altera Corporation
Your use of Altera Corporation's design tools, logic functions 
and other software and tools, and its AMPP partner logic 
functions, and any output files from any of the foregoing 
(including device programming or simulation files), and any 
associated documentation or information are expressly subject 
to the terms and conditions of the Altera Program License 
Subscription Agreement, Altera MegaCore Function License 
Agreement, or other applicable license agreement, including, 
without limitation, that your use is for the sole purpose of 
programming logic devices manufactured by Altera and sold by 
Altera or its authorized distributors.  Please refer to the 
applicable agreement for further details.



+-----------------------------------------------------------------------+
; Analysis & Synthesis Summary                                          ;
+-----------------------------+-----------------------------------------+
; Analysis & Synthesis Status ; Successful - Mon May 02 18:57:51 2016   ;
; Quartus II Version          ; 7.1 Build 156 04/30/2007 SJ Web Edition ;
; Revision Name               ; jtd                                     ;
; Top-level Entity Name       ; jtd                                     ;
; Family                      ; Cyclone                                 ;
; Total logic elements        ; 277                                     ;
; Total pins                  ; 41                                      ;
; Total virtual pins          ; 0                                       ;
; Total memory bits           ; 0                                       ;
; Total PLLs                  ; 0                                       ;
+-----------------------------+-----------------------------------------+


+--------------------------------------------------------------------------------------------------------------------------+
; Analysis & Synthesis Settings                                                                                            ;
+--------------------------------------------------------------------------------+--------------------+--------------------+
; Option                                                                         ; Setting            ; Default Value      ;
+--------------------------------------------------------------------------------+--------------------+--------------------+
; Device                                                                         ; EP1C6Q240C8        ;                    ;
; Top-level entity name                                                          ; jtd                ; jtd                ;
; Family name                                                                    ; Cyclone            ; Stratix II         ;
; Restructure Multiplexers                                                       ; Auto               ; Auto               ;
; Create Debugging Nodes for IP Cores                                            ; Off                ; Off                ;
; Preserve fewer node names                                                      ; On                 ; On                 ;
; Disable OpenCore Plus hardware evaluation                                      ; Off                ; Off                ;
; Verilog Version                                                                ; Verilog_2001       ; Verilog_2001       ;
; VHDL Version                                                                   ; VHDL93             ; VHDL93             ;
; State Machine Processing                                                       ; Auto               ; Auto               ;
; Safe State Machine                                                             ; Off                ; Off                ;
; Extract Verilog State Machines                                                 ; On                 ; On                 ;
; Extract VHDL State Machines                                                    ; On                 ; On                 ;
; Ignore Verilog initial constructs                                              ; Off                ; Off                ;
; Add Pass-Through Logic to Inferred RAMs                                        ; On                 ; On                 ;
; NOT Gate Push-Back                                                             ; On                 ; On                 ;
; Power-Up Don't Care                                                            ; On                 ; On                 ;
; Remove Redundant Logic Cells                                                   ; Off                ; Off                ;
; Remove Duplicate Registers                                                     ; On                 ; On                 ;
; Ignore CARRY Buffers                                                           ; Off                ; Off                ;
; Ignore CASCADE Buffers                                                         ; Off                ; Off                ;
; Ignore GLOBAL Buffers                                                          ; Off                ; Off                ;
; Ignore ROW GLOBAL Buffers                                                      ; Off                ; Off                ;
; Ignore LCELL Buffers                                                           ; Off                ; Off                ;
; Ignore SOFT Buffers                                                            ; On                 ; On                 ;
; Limit AHDL Integers to 32 Bits                                                 ; Off                ; Off                ;
; Optimization Technique -- Cyclone                                              ; Balanced           ; Balanced           ;
; Carry Chain Length -- Stratix/Stratix GX/Cyclone/MAX II/Cyclone II/Cyclone III ; 70                 ; 70                 ;
; Auto Carry Chains                                                              ; On                 ; On                 ;
; Auto Open-Drain Pins                                                           ; On                 ; On                 ;
; Perform WYSIWYG Primitive Resynthesis                                          ; Off                ; Off                ;
; Perform gate-level register retiming                                           ; Off                ; Off                ;
; Allow register retiming to trade off Tsu/Tco with Fmax                         ; On                 ; On                 ;
; Auto ROM Replacement                                                           ; On                 ; On                 ;
; Auto RAM Replacement                                                           ; On                 ; On                 ;
; Auto Shift Register Replacement                                                ; Auto               ; Auto               ;
; Auto Clock Enable Replacement                                                  ; On                 ; On                 ;
; Allow Synchronous Control Signals                                              ; On                 ; On                 ;
; Force Use of Synchronous Clear Signals                                         ; Off                ; Off                ;
; Auto RAM Block Balancing                                                       ; On                 ; On                 ;
; Auto RAM to Logic Cell Conversion                                              ; Off                ; Off                ;
; Auto Resource Sharing                                                          ; Off                ; Off                ;
; Allow Any RAM Size For Recognition                                             ; Off                ; Off                ;
; Allow Any ROM Size For Recognition                                             ; Off                ; Off                ;
; Allow Any Shift Register Size For Recognition                                  ; Off                ; Off                ;
; Ignore translate_off and synthesis_off directives                              ; Off                ; Off                ;
; Show Parameter Settings Tables in Synthesis Report                             ; On                 ; On                 ;
; Ignore Maximum Fan-Out Assignments                                             ; Off                ; Off                ;
; Retiming Meta-Stability Register Sequence Length                               ; 2                  ; 2                  ;
; PowerPlay Power Optimization                                                   ; Normal compilation ; Normal compilation ;
; HDL message level                                                              ; Level2             ; Level2             ;
; Suppress Register Optimization Related Messages                                ; Off                ; Off                ;
; Number of Removed Registers Reported in Synthesis Report                       ; 100                ; 100                ;
; Clock MUX Protection                                                           ; On                 ; On                 ;
; Use smart compilation                                                          ; Off                ; Off                ;
+--------------------------------------------------------------------------------+--------------------+--------------------+


+------------------------------------------------------------------------------------------------------------------------+
; Analysis & Synthesis Source Files Read                                                                                 ;
+----------------------------------+-----------------+------------------------------------+------------------------------+
; File Name with User-Entered Path ; Used in Netlist ; File Type                          ; File Name with Absolute Path ;
+----------------------------------+-----------------+------------------------------------+------------------------------+
; fdivision.v                      ; yes             ; User Verilog HDL File              ; D:/jtd/fdivision.v           ;
; traffic_lights.v                 ; yes             ; User Verilog HDL File              ; D:/jtd/traffic_lights.v      ;
; display.v                        ; yes             ; User Verilog HDL File              ; D:/jtd/display.v             ;
; jtd.bdf                          ; yes             ; User Block Diagram/Schematic File  ; D:/jtd/jtd.bdf               ;
+----------------------------------+-----------------+------------------------------------+------------------------------+


+--------------------------------------------------------------------+
; Analysis & Synthesis Resource Usage Summary                        ;
+---------------------------------------------+----------------------+
; Resource                                    ; Usage                ;
+---------------------------------------------+----------------------+
; Total logic elements                        ; 277                  ;
;     -- Combinational with no register       ; 186                  ;
;     -- Register only                        ; 45                   ;
;     -- Combinational with a register        ; 46                   ;
;                                             ;                      ;
; Logic element usage by number of LUT inputs ;                      ;
;     -- 4 input functions                    ; 98                   ;
;     -- 3 input functions                    ; 49                   ;
;     -- 2 input functions                    ; 75                   ;
;     -- 1 input functions                    ; 9                    ;
;     -- 0 input functions                    ; 1                    ;
;                                             ;                      ;
; Logic elements by mode                      ;                      ;
;     -- normal mode                          ; 232                  ;
;     -- arithmetic mode                      ; 45                   ;
;     -- qfbk mode                            ; 0                    ;
;     -- register cascade mode                ; 0                    ;
;     -- synchronous clear/load mode          ; 37                   ;
;     -- asynchronous clear/load mode         ; 0                    ;
;                                             ;                      ;
; Total registers                             ; 91                   ;
; Total logic cells in carry chains           ; 48                   ;
; I/O pins                                    ; 41                   ;
; Maximum fan-out node                        ; fdivision:inst1|Fout ;
; Maximum fan-out                             ; 59                   ;
; Total fan-out                               ; 909                  ;
; Average fan-out                             ; 2.86                 ;
+---------------------------------------------+----------------------+


+-----------------------------------------------------------------------------------------------------------------------------------------------------------------------------------------------------------------------------+
; Analysis & Synthesis Resource Utilization by Entity                                                                                                                                                                         ;
+----------------------------+-------------+--------------+-------------+------+--------------+--------------+-------------------+------------------+-----------------+------------+---------------------------+--------------+
; Compilation Hierarchy Node ; Logic Cells ; LC Registers ; Memory Bits ; Pins ; Virtual Pins ; LUT-Only LCs ; Register-Only LCs ; LUT/Register LCs ; Carry Chain LCs ; Packed LCs ; Full Hierarchy Name       ; Library Name ;
+----------------------------+-------------+--------------+-------------+------+--------------+--------------+-------------------+------------------+-----------------+------------+---------------------------+--------------+
; |jtd                       ; 277 (1)     ; 91           ; 0           ; 41   ; 0            ; 186 (1)      ; 45 (0)            ; 46 (0)           ; 48 (0)          ; 0 (0)      ; |jtd                      ; work         ;
;    |display:inst3|         ; 104 (104)   ; 26           ; 0           ; 0    ; 0            ; 78 (78)      ; 6 (6)             ; 20 (20)          ; 0 (0)           ; 0 (0)      ; |jtd|display:inst3        ; work         ;
;    |fdivision:inst1|       ; 75 (75)     ; 33           ; 0           ; 0    ; 0            ; 42 (42)      ; 25 (25)           ; 8 (8)            ; 32 (32)         ; 0 (0)      ; |jtd|fdivision:inst1      ; work         ;
;    |traffic_lights:inst2|  ; 97 (97)     ; 32           ; 0           ; 0    ; 0            ; 65 (65)      ; 14 (14)           ; 18 (18)          ; 16 (16)         ; 0 (0)      ; |jtd|traffic_lights:inst2 ; work         ;
+----------------------------+-------------+--------------+-------------+------+--------------+--------------+-------------------+------------------+-----------------+------------+---------------------------+--------------+
Note: For table entries with two numbers listed, the numbers in parentheses indicate the number of resources of the given type used by the specific entity alone. The numbers listed outside of parentheses indicate the total resources of the given type used by the specific entity and all of its sub-entities in the hierarchy.


Encoding Type:  One-Hot
+------------------------------------------------------+
; State Machine - |jtd|traffic_lights:inst2|state      ;
+----------+----------+----------+----------+----------+
; Name     ; state.s4 ; state.s3 ; state.s2 ; state.s1 ;
+----------+----------+----------+----------+----------+
; state.s1 ; 0        ; 0        ; 0        ; 0        ;
; state.s3 ; 0        ; 1        ; 0        ; 1        ;
; state.s2 ; 0        ; 0        ; 1        ; 1        ;
; state.s4 ; 1        ; 0        ; 0        ; 1        ;
+----------+----------+----------+----------+----------+


+--------------------------------------------------------------------------------+
; Registers Removed During Synthesis                                             ;
+---------------------------------------+----------------------------------------+
; Register name                         ; Reason for Removal                     ;
+---------------------------------------+----------------------------------------+
; inst3/M0[7]                           ; Stuck at VCC due to stuck port data_in ;
; inst3/C1[7]                           ; Stuck at VCC due to stuck port data_in ;
; inst3/C0[7]                           ; Stuck at VCC due to stuck port data_in ;
; inst3/M1[7]                           ; Stuck at VCC due to stuck port data_in ;
; inst3/C1[0]                           ; Merged with inst3/C1[3]                ;
; inst3/M1[3]                           ; Merged with inst3/M1[0]                ;
; Total Number of Removed Registers = 6 ;                                        ;
+---------------------------------------+----------------------------------------+


+------------------------------------------------------+
; General Register Statistics                          ;
+----------------------------------------------+-------+
; Statistic                                    ; Value ;
+----------------------------------------------+-------+
; Total registers                              ; 91    ;
; Number of registers using Synchronous Clear  ; 8     ;
; Number of registers using Synchronous Load   ; 30    ;
; Number of registers using Asynchronous Clear ; 0     ;
; Number of registers using Asynchronous Load  ; 0     ;
; Number of registers using Clock Enable       ; 2     ;
; Number of registers using Preset             ; 0     ;
+----------------------------------------------+-------+


+--------------------------------------------------+
; Inverted Register Statistics                     ;
+----------------------------------------+---------+
; Inverted Register                      ; Fan out ;
+----------------------------------------+---------+
; traffic_lights:inst2|G[9]              ; 2       ;
; traffic_lights:inst2|G[0]              ; 3       ;
; traffic_lights:inst2|G[2]              ; 2       ;
; traffic_lights:inst2|G[3]              ; 2       ;
; Total number of inverted registers = 4 ;         ;
+----------------------------------------+---------+


+-----------------------------------------------------------------------------------------------------------------------------------------------+
; Multiplexer Restructuring Statistics (Restructuring Performed)                                                                                ;
+--------------------+-----------+---------------+----------------------+------------------------+------------+---------------------------------+
; Multiplexer Inputs ; Bus Width ; Baseline Area ; Area if Restructured ; Saving if Restructured ; Registered ; Example Multiplexer Output      ;
+--------------------+-----------+---------------+----------------------+------------------------+------------+---------------------------------+
; 5:1                ; 2 bits    ; 6 LEs         ; 6 LEs                ; 0 LEs                  ; Yes        ; |jtd|display:inst3|C0[0]        ;
; 5:1                ; 2 bits    ; 6 LEs         ; 6 LEs                ; 0 LEs                  ; Yes        ; |jtd|display:inst3|M0[0]        ;
; 10:1               ; 2 bits    ; 12 LEs        ; 6 LEs                ; 6 LEs                  ; Yes        ; |jtd|traffic_lights:inst2|CY    ;
; 10:1               ; 3 bits    ; 18 LEs        ; 9 LEs                ; 9 LEs                  ; Yes        ; |jtd|traffic_lights:inst2|T2[1] ;
; 10:1               ; 2 bits    ; 12 LEs        ; 6 LEs                ; 6 LEs                  ; Yes        ; |jtd|traffic_lights:inst2|T1[1] ;
; 10:1               ; 3 bits    ; 18 LEs        ; 12 LEs               ; 6 LEs                  ; Yes        ; |jtd|traffic_lights:inst2|T1[0] ;
+--------------------+-----------+---------------+----------------------+------------------------+------------+---------------------------------+


+-------------------------------------------------------------------+
; Parameter Settings for User Entity Instance: traffic_lights:inst2 ;
+----------------+-------+------------------------------------------+
; Parameter Name ; Value ; Type                                     ;
+----------------+-------+------------------------------------------+
; s1             ; 0001  ; Unsigned Binary                          ;
; s2             ; 0010  ; Unsigned Binary                          ;
; s3             ; 0100  ; Unsigned Binary                          ;
; s4             ; 1000  ; Unsigned Binary                          ;
+----------------+-------+------------------------------------------+
Note: In order to hide this table in the UI and the text report file, please set the "Show Parameter Settings Tables in Synthesis Report" option in "Analysis and Synthesis Settings -> More Settings" to "Off".


+--------------------------------------------------------------+
; Parameter Settings for User Entity Instance: fdivision:inst1 ;
+----------------+---------+-----------------------------------+
; Parameter Name ; Value   ; Type                              ;
+----------------+---------+-----------------------------------+
; N              ; 1000000 ; Untyped                           ;
+----------------+---------+-----------------------------------+
Note: In order to hide this table in the UI and the text report file, please set the "Show Parameter Settings Tables in Synthesis Report" option in "Analysis and Synthesis Settings -> More Settings" to "Off".


+-------------------------------+
; Analysis & Synthesis Messages ;
+-------------------------------+
Info: *******************************************************************
Info: Running Quartus II Analysis & Synthesis
    Info: Version 7.1 Build 156 04/30/2007 SJ Web Edition
    Info: Processing started: Mon May 02 18:57:46 2016
Info: Command: quartus_map --read_settings_files=on --write_settings_files=off jtd -c jtd
Info: Found 1 design units, including 1 entities, in source file fdivision.v
    Info: Found entity 1: fdivision
Info: Found 1 design units, including 1 entities, in source file traffic_lights.v
    Info: Found entity 1: traffic_lights
Info: Found 1 design units, including 1 entities, in source file display.v
    Info: Found entity 1: display
Info: Found 1 design units, including 1 entities, in source file jtd.bdf
    Info: Found entity 1: jtd
Info: Elaborating entity "jtd" for the top level hierarchy
Info: Elaborating entity "traffic_lights" for hierarchy "traffic_lights:inst2"
Warning (10230): Verilog HDL assignment warning at traffic_lights.v(47): truncated value with size 32 to match size of target (5)
Warning (10230): Verilog HDL assignment warning at traffic_lights.v(53): truncated value with size 32 to match size of target (5)
Warning (10230): Verilog HDL assignment warning at traffic_lights.v(54): truncated value with size 32 to match size of target (5)
Warning (10230): Verilog HDL assignment warning at traffic_lights.v(68): truncated value with size 32 to match size of target (5)
Warning (10230): Verilog HDL assignment warning at traffic_lights.v(69): truncated value with size 32 to match size of target (5)
Warning (10230): Verilog HDL assignment warning at traffic_lights.v(81): truncated value with size 32 to match size of target (5)
Warning (10230): Verilog HDL assignment warning at traffic_lights.v(88): truncated value with size 32 to match size of target (5)
Warning (10230): Verilog HDL assignment warning at traffic_lights.v(89): truncated value with size 32 to match size of target (5)
Warning (10230): Verilog HDL assignment warning at traffic_lights.v(101): truncated value with size 32 to match size of target (5)
Warning (10230): Verilog HDL assignment warning at traffic_lights.v(102): truncated value with size 32 to match size of target (5)
Warning (10230): Verilog HDL assignment warning at traffic_lights.v(115): truncated value with size 32 to match size of target (11)
Info: Elaborating entity "fdivision" for hierarchy "fdivision:inst1"
Info: Elaborating entity "display" for hierarchy "display:inst3"
Info: Power-up level of register "display:inst3|M0[7]" is not specified -- using power-up level of High to minimize register
Warning: Reduced register "display:inst3|M0[7]" with stuck data_in port to stuck value VCC
Info: Power-up level of register "display:inst3|C1[7]" is not specified -- using power-up level of High to minimize register
Warning: Reduced register "display:inst3|C1[7]" with stuck data_in port to stuck value VCC
Info: Power-up level of register "display:inst3|C0[7]" is not specified -- using power-up level of High to minimize register
Warning: Reduced register "display:inst3|C0[7]" with stuck data_in port to stuck value VCC
Info: Power-up level of register "display:inst3|M1[7]" is not specified -- using power-up level of High to minimize register
Warning: Reduced register "display:inst3|M1[7]" with stuck data_in port to stuck value VCC
Info: Duplicate registers merged to single register
    Info: Duplicate register "display:inst3|C1[0]" merged to single register "display:inst3|C1[3]"
    Info: Duplicate register "display:inst3|M1[3]" merged to single register "display:inst3|M1[0]"
Info: State machine "|jtd|traffic_lights:inst2|state" contains 4 states
Info: Selected Auto state machine encoding method for state machine "|jtd|traffic_lights:inst2|state"
Info: Encoding result for state machine "|jtd|traffic_lights:inst2|state"
    Info: Completed encoding using 4 state bits
        Info: Encoded state bit "traffic_lights:inst2|state.s4"
        Info: Encoded state bit "traffic_lights:inst2|state.s3"
        Info: Encoded state bit "traffic_lights:inst2|state.s2"
        Info: Encoded state bit "traffic_lights:inst2|state.s1"
    Info: State "|jtd|traffic_lights:inst2|state.s1" uses code string "0000"
    Info: State "|jtd|traffic_lights:inst2|state.s3" uses code string "0101"
    Info: State "|jtd|traffic_lights:inst2|state.s2" uses code string "0011"
    Info: State "|jtd|traffic_lights:inst2|state.s4" uses code string "1001"
Warning: Output pins are stuck at VCC or GND
    Warning: Pin "C0[7]" stuck at VCC
    Warning: Pin "C1[7]" stuck at VCC
    Warning: Pin "M0[7]" stuck at VCC
    Warning: Pin "M1[7]" stuck at VCC
Info: Implemented 318 device resources after synthesis - the final resource count might be different
    Info: Implemented 3 input pins
    Info: Implemented 38 output pins
    Info: Implemented 277 logic cells
Info: Quartus II Analysis & Synthesis was successful. 0 errors, 20 warnings
    Info: Allocated 138 megabytes of memory during processing
    Info: Processing ended: Mon May 02 18:57:51 2016
    Info: Elapsed time: 00:00:05


