Flow report for traffic_light
Sun Sep 04 15:49:47 2016
Quartus II 64-Bit Version 7.1 Build 156 04/30/2007 SJ Full Version


---------------------
; Table of Contents ;
---------------------
  1. Legal Notice
  2. Flow Summary
  3. Flow Settings
  4. Flow Non-Default Global Settings
  5. Flow Elapsed Time
  6. Flow Log



----------------
; Legal Notice ;
----------------
Copyright (C) 1991-2007 Altera Corporation
Your use of Altera Corporation's design tools, logic functions 
and other software and tools, and its AMPP partner logic 
functions, and any output files from any of the foregoing 
(including device programming or simulation files), and any 
associated documentation or information are expressly subject 
to the terms and conditions of the Altera Program License 
Subscription Agreement, Altera MegaCore Function License 
Agreement, or other applicable license agreement, including, 
without limitation, that your use is for the sole purpose of 
programming logic devices manufactured by Altera and sold by 
Altera or its authorized distributors.  Please refer to the 
applicable agreement for further details.



+----------------------------------------------------------------------+
; Flow Summary                                                         ;
+---------------------------+------------------------------------------+
; Flow Status               ; Successful - Sun Sep 04 15:49:47 2016    ;
; Quartus II 64-Bit Version ; 7.1 Build 156 04/30/2007 SJ Full Version ;
; Revision Name             ; traffic_light                            ;
; Top-level Entity Name     ; traffic_light                            ;
; Family                    ; Cyclone                                  ;
; Device                    ; EP1C6Q240C8                              ;
; Timing Models             ; Final                                    ;
; Met timing requirements   ; Yes                                      ;
; Total logic elements      ; 260 / 5,980 ( 4 % )                      ;
; Total pins                ; 42 / 185 ( 23 % )                        ;
; Total virtual pins        ; 0                                        ;
; Total memory bits         ; 0 / 92,160 ( 0 % )                       ;
; Total PLLs                ; 0 / 2 ( 0 % )                            ;
+---------------------------+------------------------------------------+


+-----------------------------------------+
; Flow Settings                           ;
+-------------------+---------------------+
; Option            ; Setting             ;
+-------------------+---------------------+
; Start date & time ; 09/04/2016 15:44:29 ;
; Main task         ; Compilation         ;
; Revision Name     ; traffic_light       ;
+-------------------+---------------------+


+----------------------------------------------------------------------------+
; Flow Non-Default Global Settings                                           ;
+------------------------+--------+---------------+-------------+------------+
; Assignment Name        ; Value  ; Default Value ; Entity Name ; Section Id ;
+------------------------+--------+---------------+-------------+------------+
; PARTITION_NETLIST_TYPE ; SOURCE ; --            ; --          ; Top        ;
+------------------------+--------+---------------+-------------+------------+


+----------------------------------------+
; Flow Elapsed Time                      ;
+-------------------------+--------------+
; Module Name             ; Elapsed Time ;
+-------------------------+--------------+
; Analysis & Synthesis    ; 00:00:08     ;
; Fitter                  ; 00:00:08     ;
; Assembler               ; 00:00:07     ;
; Classic Timing Analyzer ; 00:00:07     ;
; Total                   ; 00:00:30     ;
+-------------------------+--------------+


------------
; Flow Log ;
------------
quartus_map --read_settings_files=on --write_settings_files=off traffic_light -c traffic_light
quartus_fit --read_settings_files=off --write_settings_files=off traffic_light -c traffic_light
quartus_asm --read_settings_files=off --write_settings_files=off traffic_light -c traffic_light
quartus_tan --read_settings_files=off --write_settings_files=off traffic_light -c traffic_light --timing_analysis_only



